#
# There is insufficient memory for the Java Runtime Environment to continue.
# Native memory allocation (mmap) failed to map 67108864 bytes for G1 virtual space
# Possible reasons:
#   The system is out of physical RAM or swap space
#   The process is running with CompressedOops enabled, and the Java Heap may be blocking the growth of the native heap
# Possible solutions:
#   Reduce memory load on the system
#   Increase physical memory or swap space
#   Check if swap backing store is full
#   Decrease Java heap size (-Xmx/-Xms)
#   Decrease number of Java threads
#   Decrease Java thread stack sizes (-Xss)
#   Set larger code cache with -XX:ReservedCodeCacheSize=
#   JVM is running with Unscaled Compressed Oops mode in which the Java heap is
#     placed in the first 4GB address space. The Java Heap base address is the
#     maximum limit for the native heap growth. Please use -XX:HeapBaseMinAddress
#     to set the Java Heap base and to place the Java Heap above 4GB virtual address.
# This output file may be truncated or incomplete.
#
#  Out of Memory Error (os_windows.cpp:3552), pid=11380, tid=20592
#
# JRE version:  (17.0.9+11) (build )
# Java VM: Java HotSpot(TM) 64-Bit Server VM (17.0.9+11-LTS-201, mixed mode, sharing, tiered, compressed oops, compressed class ptrs, g1 gc, windows-amd64)
# No core dump will be written. Minidumps are not enabled by default on client versions of Windows
#

---------------  S U M M A R Y ------------

Command Line: -Xmx64m -Xms64m -Dorg.gradle.appname=gradlew org.gradle.wrapper.GradleWrapperMain app:installDebug -PreactNativeDevServerPort=8081

Host: Intel(R) Core(TM) i5-10210U CPU @ 1.60GHz, 8 cores, 7G,  Windows 11 , 64 bit Build 22621 (10.0.22621.3235)
Time: Sat Apr  6 19:18:51 2024 India Standard Time elapsed time: 0.024061 seconds (0d 0h 0m 0s)

---------------  T H R E A D  ---------------

Current thread (0x0000023b13013e30):  JavaThread "Unknown thread" [_thread_in_vm, id=20592, stack(0x000000617f600000,0x000000617f700000)]

Stack: [0x000000617f600000,0x000000617f700000]
Native frames: (J=compiled Java code, j=interpreted, Vv=VM code, C=native code)
V  [jvm.dll+0x678a4a]
V  [jvm.dll+0x7d9cfd]
V  [jvm.dll+0x7db60e]
V  [jvm.dll+0x7dbc73]
V  [jvm.dll+0x245e1f]
V  [jvm.dll+0x6758f9]
V  [jvm.dll+0x66a2a2]
V  [jvm.dll+0x303686]
V  [jvm.dll+0x30ac06]
V  [jvm.dll+0x35a48e]
V  [jvm.dll+0x35a6bf]
V  [jvm.dll+0x2da678]
V  [jvm.dll+0x2db5e4]
V  [jvm.dll+0x7ab6b1]
V  [jvm.dll+0x368041]
V  [jvm.dll+0x78a749]
V  [jvm.dll+0x3ebd4f]
V  [jvm.dll+0x3ed7d1]
C  [jli.dll+0x5297]
C  [ucrtbase.dll+0x29363]
C  [KERNEL32.DLL+0x1257d]
C  [ntdll.dll+0x5aa58]


---------------  P R O C E S S  ---------------

Threads class SMR info:
_java_thread_list=0x00007ffe0dfb89d8, length=0, elements={
}

Java Threads: ( => current thread )

Other Threads:
  0x0000023b13034060 GCTaskThread "GC Thread#0" [stack: 0x000000617f700000,0x000000617f800000] [id=17964]
  0x0000023b130357b0 ConcurrentGCThread "G1 Main Marker" [stack: 0x000000617f800000,0x000000617f900000] [id=23648]
  0x0000023b130361c0 ConcurrentGCThread "G1 Conc#0" [stack: 0x000000617f900000,0x000000617fa00000] [id=2888]

[error occurred during error reporting (printing all threads), id 0xc0000005, EXCEPTION_ACCESS_VIOLATION (0xc0000005) at pc=0x00007ffe0d7eb2d7]

VM state: not at safepoint (not fully initialized)

VM Mutex/Monitor currently owned by a thread:  ([mutex/lock_event])
[0x0000023b1300f610] Heap_lock - owner thread: 0x0000023b13013e30

Heap address: 0x00000000fc000000, size: 64 MB, Compressed Oops mode: 32-bit

CDS archive(s) mapped at: [0x0000000000000000-0x0000000000000000-0x0000000000000000), size 0, SharedBaseAddress: 0x0000000800000000, ArchiveRelocationMode: 1.
Narrow klass base: 0x0000000000000000, Narrow klass shift: 0, Narrow klass range: 0x0

GC Precious Log:
<Empty>

Heap:
 garbage-first heap   total 0K, used 0K [0x00000000fc000000, 0x0000000100000000)
  region size 1024K, 0 young (0K), 0 survivors (0K)

[error occurred during error reporting (printing heap information), id 0xc0000005, EXCEPTION_ACCESS_VIOLATION (0xc0000005) at pc=0x00007ffe0dbd2229]

GC Heap History (0 events):
No events

Deoptimization events (0 events):
No events

Classes unloaded (0 events):
No events

Classes redefined (0 events):
No events

Internal exceptions (0 events):
No events

VM Operations (0 events):
No events

Events (1 events):
Event: 0.014 Loaded shared library C:\Program Files\Java\jdk-17\bin\java.dll


Dynamic libraries:
0x00007ff7ae310000 - 0x00007ff7ae320000 	C:\Program Files\Java\jdk-17\bin\java.exe
0x00007ffed34f0000 - 0x00007ffed3706000 	C:\WINDOWS\SYSTEM32\ntdll.dll
0x00007ffed2d60000 - 0x00007ffed2e24000 	C:\WINDOWS\System32\KERNEL32.DLL
0x00007ffed0a70000 - 0x00007ffed0e16000 	C:\WINDOWS\System32\KERNELBASE.dll
0x00007ffed0950000 - 0x00007ffed0a61000 	C:\WINDOWS\System32\ucrtbase.dll
0x00007ffebe230000 - 0x00007ffebe249000 	C:\Program Files\Java\jdk-17\bin\jli.dll
0x00007ffebe210000 - 0x00007ffebe22b000 	C:\Program Files\Java\jdk-17\bin\VCRUNTIME140.dll
0x00007ffed13e0000 - 0x00007ffed1492000 	C:\WINDOWS\System32\ADVAPI32.dll
0x00007ffed1820000 - 0x00007ffed18c7000 	C:\WINDOWS\System32\msvcrt.dll
0x00007ffed1520000 - 0x00007ffed15c8000 	C:\WINDOWS\System32\sechost.dll
0x00007ffed0e20000 - 0x00007ffed0e48000 	C:\WINDOWS\System32\bcrypt.dll
0x00007ffed1630000 - 0x00007ffed1745000 	C:\WINDOWS\System32\RPCRT4.dll
0x00007ffed2f40000 - 0x00007ffed30ed000 	C:\WINDOWS\System32\USER32.dll
0x00007ffed11a0000 - 0x00007ffed11c6000 	C:\WINDOWS\System32\win32u.dll
0x00007ffeb26b0000 - 0x00007ffeb2943000 	C:\WINDOWS\WinSxS\amd64_microsoft.windows.common-controls_6595b64144ccf1df_6.0.22621.3235_none_270f74e173860f98\COMCTL32.dll
0x00007ffed2e30000 - 0x00007ffed2e59000 	C:\WINDOWS\System32\GDI32.dll
0x00007ffed0830000 - 0x00007ffed0948000 	C:\WINDOWS\System32\gdi32full.dll
0x00007ffed1100000 - 0x00007ffed119a000 	C:\WINDOWS\System32\msvcp_win.dll
0x00007ffec87e0000 - 0x00007ffec87ea000 	C:\WINDOWS\SYSTEM32\VERSION.dll
0x00007ffed1240000 - 0x00007ffed1271000 	C:\WINDOWS\System32\IMM32.DLL
0x00007ffecd7d0000 - 0x00007ffecd7dc000 	C:\Program Files\Java\jdk-17\bin\vcruntime140_1.dll
0x00007ffe90ef0000 - 0x00007ffe90f7e000 	C:\Program Files\Java\jdk-17\bin\msvcp140.dll
0x00007ffe0d500000 - 0x00007ffe0e0e1000 	C:\Program Files\Java\jdk-17\bin\server\jvm.dll
0x00007ffed1750000 - 0x00007ffed1758000 	C:\WINDOWS\System32\PSAPI.DLL
0x00007ffec8ad0000 - 0x00007ffec8b04000 	C:\WINDOWS\SYSTEM32\WINMM.dll
0x00007ffec13a0000 - 0x00007ffec13a9000 	C:\WINDOWS\SYSTEM32\WSOCK32.dll
0x00007ffed14a0000 - 0x00007ffed1511000 	C:\WINDOWS\System32\WS2_32.dll
0x00007ffecf870000 - 0x00007ffecf888000 	C:\WINDOWS\SYSTEM32\kernel.appcore.dll
0x00007ffebe200000 - 0x00007ffebe20a000 	C:\Program Files\Java\jdk-17\bin\jimage.dll
0x00007ffece1c0000 - 0x00007ffece3f3000 	C:\WINDOWS\SYSTEM32\DBGHELP.DLL
0x00007ffed1990000 - 0x00007ffed1d18000 	C:\WINDOWS\System32\combase.dll
0x00007ffed2e60000 - 0x00007ffed2f37000 	C:\WINDOWS\System32\OLEAUT32.dll
0x00007ffebb0c0000 - 0x00007ffebb0f2000 	C:\WINDOWS\SYSTEM32\dbgcore.DLL
0x00007ffed0fc0000 - 0x00007ffed103a000 	C:\WINDOWS\System32\bcryptPrimitives.dll
0x00007ffe90ec0000 - 0x00007ffe90ee5000 	C:\Program Files\Java\jdk-17\bin\java.dll

dbghelp: loaded successfully - version: 4.0.5 - missing functions: none
symbol engine: initialized successfully - sym options: 0x614 - pdb path: .;C:\Program Files\Java\jdk-17\bin;C:\WINDOWS\SYSTEM32;C:\WINDOWS\WinSxS\amd64_microsoft.windows.common-controls_6595b64144ccf1df_6.0.22621.3235_none_270f74e173860f98;C:\Program Files\Java\jdk-17\bin\server

VM Arguments:
jvm_args: -Xmx64m -Xms64m -Dorg.gradle.appname=gradlew 
java_command: org.gradle.wrapper.GradleWrapperMain app:installDebug -PreactNativeDevServerPort=8081
java_class_path (initial): D:\ecom\Ecom\android\\gradle\wrapper\gradle-wrapper.jar
Launcher Type: SUN_STANDARD

[Global flags]
     intx CICompilerCount                          = 4                                         {product} {ergonomic}
     uint ConcGCThreads                            = 2                                         {product} {ergonomic}
     uint G1ConcRefinementThreads                  = 8                                         {product} {ergonomic}
   size_t G1HeapRegionSize                         = 1048576                                   {product} {ergonomic}
    uintx GCDrainStackTargetSize                   = 64                                        {product} {ergonomic}
   size_t InitialHeapSize                          = 67108864                                  {product} {command line}
   size_t MarkStackSize                            = 4194304                                   {product} {ergonomic}
   size_t MaxHeapSize                              = 67108864                                  {product} {command line}
   size_t MinHeapDeltaBytes                        = 1048576                                   {product} {ergonomic}
   size_t MinHeapSize                              = 67108864                                  {product} {command line}
    uintx NonNMethodCodeHeapSize                   = 5839372                                {pd product} {ergonomic}
    uintx NonProfiledCodeHeapSize                  = 122909434                              {pd product} {ergonomic}
    uintx ProfiledCodeHeapSize                     = 122909434                              {pd product} {ergonomic}
    uintx ReservedCodeCacheSize                    = 251658240                              {pd product} {ergonomic}
     bool SegmentedCodeCache                       = true                                      {product} {ergonomic}
   size_t SoftMaxHeapSize                          = 67108864                               {manageable} {ergonomic}
     bool UseCompressedClassPointers               = true                           {product lp64_product} {ergonomic}
     bool UseCompressedOops                        = true                           {product lp64_product} {ergonomic}
     bool UseG1GC                                  = true                                      {product} {ergonomic}
     bool UseLargePagesIndividualAllocation        = false                                  {pd product} {ergonomic}

Logging:
Log output configuration:
 #0: stdout all=warning uptime,level,tags
 #1: stderr all=off uptime,level,tags

Environment Variables:
JAVA_HOME=C:\Program Files\Java\jdk-17\
CLASSPATH=D:\ecom\Ecom\android\\gradle\wrapper\gradle-wrapper.jar
PATH=D:\ecom\Ecom\node_modules\.bin;D:\ecom\Ecom\node_modules\.bin;D:\ecom\node_modules\.bin;D:\node_modules\.bin;C:\Program Files\nodejs\node_modules\npm\node_modules\@npmcli\run-script\lib\node-gyp-bin;D:\ecom\Ecom\node_modules\.bin;D:\ecom\Ecom\node_modules\.bin;D:\ecom\node_modules\.bin;D:\node_modules\.bin;C:\Program Files\nodejs\node_modules\npm\node_modules\@npmcli\run-script\lib\node-gyp-bin;C:\Program Files\nodejs;C:\Users\Virat\AppData\Local\Android\Sdk\tools;C:\Users\Virat\AppData\Local\Microsoft\WindowsApps;C:\Users\Virat\AppData\Local\Programs\Microsoft VS Code\bin;C:\Users\Virat\AppData\Roaming\npm;C:\Program Files\MongoDB\Server\7.0\bin;C:\Program Files\Java\jdk-17\;C:\Program Files\nodejs;C:\Program Files\Git\bin;
USERNAME=Virat
LANG=en_US.UTF-8
OS=Windows_NT
PROCESSOR_IDENTIFIER=Intel64 Family 6 Model 142 Stepping 12, GenuineIntel



---------------  S Y S T E M  ---------------

OS:
 Windows 11 , 64 bit Build 22621 (10.0.22621.3235)
OS uptime: 14 days 2:58 hours

CPU: total 8 (initial active 8) (4 cores per cpu, 2 threads per core) family 6 model 142 stepping 12 microcode 0xea, cx8, cmov, fxsr, ht, mmx, 3dnowpref, sse, sse2, sse3, ssse3, sse4.1, sse4.2, popcnt, lzcnt, tsc, tscinvbit, avx, avx2, aes, erms, clmul, bmi1, bmi2, adx, fma, vzeroupper, clflush, clflushopt

Memory: 4k page, system-wide physical 8025M (170M free)
TotalPageFile size 32601M (AvailPageFile size 48M)
current process WorkingSet (physical memory assigned to process): 10M, peak: 10M
current process commit charge ("private bytes"): 59M, peak: 123M

vm_info: Java HotSpot(TM) 64-Bit Server VM (17.0.9+11-LTS-201) for windows-amd64 JRE (17.0.9+11-LTS-201), built on Oct 10 2023 23:16:06 by "mach5one" with MS VC++ 17.1 (VS2022)

END.
